May 16, 2019 6:19:08 PM cse308.map.algorithm.Algorithm run
INFO: Algorithm Start...'
'fetching precinct'state data...'
'Constructing Clusters...'
'Initializing State...'
'Phase 1 Graph partition...'
''
'No.1: 19169169028 : precinct size 382, population 450008'
'No.2: 19061061046 : precinct size 444, population 624197'
'No.3: 19113113048 : precinct size 249, population 473621'
'No.4: 19081081003 : precinct size 654, population 534777'
'No.5: 19125125007 : precinct size 555, population 449925'
'No.6: 19153153025 : precinct size 241, population 513827'
''
'Assigning Colors...'
''
''
''
'No.1: 19169169028 : precinct size 407, population 486289'
'No.2: 19061061046 : precinct size 424, population 584117'
'No.3: 19113113048 : precinct size 247, population 485005'
'No.4: 19081081003 : precinct size 651, population 533844'
'No.5: 19125125007 : precinct size 567, population 486546'
'No.6: 19153153025 : precinct size 229, population 470554'
''
'Assigning Colors...'
''
''
''
'Algorithm finished!'
'
